Base path: 'C:/Program Files/Unity/Hub/Editor/2019.4.1f1/Editor/Data', plugins path 'C:/Program Files/Unity/Hub/Editor/2019.4.1f1/Editor/Data/PlaybackEngines'
Cmd: initializeCompiler
Cmd: compileSnippet
  api=4 type=0 insize=2295 outsize=858 kw= pd=UNITY_NO_DXT5nm UNITY_ENABLE_REFLECTION_BUFFERS UNITY_NO_SCREENSPACE_SHADOWS UNITY_PBS_USE_BRDF2 SHADER_API_DESKTOP UNITY_HARDWARE_TIER3 UNITY_COLORSPACE_GAMMA UNITY_LIGHTMAP_DLDR_ENCODING ok=1
Cmd: initializeCompiler
Cmd: compileComputeKernel
  api=4 insize=9421 outsize=8502 ok=1
Cmd: translateComputeKernel
  api=14 insize=9489 outsize=16299 ok=1
Cmd: compileComputeKernel
  api=14 insize=1505 outsize=1795 ok=1
Cmd: translateComputeKernel
  api=14 insize=1795 outsize=2469 ok=1
Cmd: compileComputeKernel
  api=4 insize=5188 outsize=9102 ok=1
Cmd: compileComputeKernel
  api=4 insize=1864 outsize=1385 ok=1
Cmd: compileComputeKernel
  api=4 insize=7524 outsize=9670 ok=1
Cmd: compileComputeKernel
  api=14 insize=2134 outsize=1851 ok=1
Cmd: translateComputeKernel
  api=14 insize=1851 outsize=3046 ok=1
Cmd: compileComputeKernel
  api=14 insize=2953 outsize=815 ok=1
Cmd: compileComputeKernel
  api=4 insize=5591 outsize=6437 ok=1
Cmd: initializeCompiler
